0 info it worked if it ends with ok
1 verbose cli [ '/usr/local/bin/node',
1 verbose cli   '/usr/local/bin/npm',
1 verbose cli   'run',
1 verbose cli   'test:docs' ]
2 info using npm@3.10.8
3 info using node@v7.0.0
4 verbose run-script [ 'pretest:docs', 'test:docs', 'posttest:docs' ]
5 info lifecycle @ls-age/args-parser@0.1.0~pretest:docs: @ls-age/args-parser@0.1.0
6 silly lifecycle @ls-age/args-parser@0.1.0~pretest:docs: no script for pretest:docs, continuing
7 info lifecycle @ls-age/args-parser@0.1.0~test:docs: @ls-age/args-parser@0.1.0
8 verbose lifecycle @ls-age/args-parser@0.1.0~test:docs: unsafe-perm in lifecycle true
9 verbose lifecycle @ls-age/args-parser@0.1.0~test:docs: PATH: /usr/local/lib/node_modules/npm/bin/node-gyp-bin:/Users/lukas/Documents/ls-age/open/args-parser/node_modules/.bin:/Users/lukas/Downloads/google-cloud-sdk/bin:/usr/local/bin:/usr/bin:/bin:/usr/sbin:/sbin:/opt/X11/bin
10 verbose lifecycle @ls-age/args-parser@0.1.0~test:docs: CWD: /Users/lukas/Documents/ls-age/open/args-parser
11 silly lifecycle @ls-age/args-parser@0.1.0~test:docs: Args: [ '-c', 'blcl docs/api' ]
12 silly lifecycle @ls-age/args-parser@0.1.0~test:docs: Returned: code: 1  signal: null
13 info lifecycle @ls-age/args-parser@0.1.0~test:docs: Failed to exec test:docs script
14 verbose stack Error: @ls-age/args-parser@0.1.0 test:docs: `blcl docs/api`
14 verbose stack Exit status 1
14 verbose stack     at EventEmitter.<anonymous> (/usr/local/lib/node_modules/npm/lib/utils/lifecycle.js:255:16)
14 verbose stack     at emitTwo (events.js:106:13)
14 verbose stack     at EventEmitter.emit (events.js:191:7)
14 verbose stack     at ChildProcess.<anonymous> (/usr/local/lib/node_modules/npm/lib/utils/spawn.js:40:14)
14 verbose stack     at emitTwo (events.js:106:13)
14 verbose stack     at ChildProcess.emit (events.js:191:7)
14 verbose stack     at maybeClose (internal/child_process.js:877:16)
14 verbose stack     at Process.ChildProcess._handle.onexit (internal/child_process.js:226:5)
15 verbose pkgid @ls-age/args-parser@0.1.0
16 verbose cwd /Users/lukas/Documents/ls-age/open/args-parser
17 error Darwin 16.4.0
18 error argv "/usr/local/bin/node" "/usr/local/bin/npm" "run" "test:docs"
19 error node v7.0.0
20 error npm  v3.10.8
21 error code ELIFECYCLE
22 error @ls-age/args-parser@0.1.0 test:docs: `blcl docs/api`
22 error Exit status 1
23 error Failed at the @ls-age/args-parser@0.1.0 test:docs script 'blcl docs/api'.
23 error Make sure you have the latest version of node.js and npm installed.
23 error If you do, this is most likely a problem with the @ls-age/args-parser package,
23 error not with npm itself.
23 error Tell the author that this fails on your system:
23 error     blcl docs/api
23 error You can get information on how to open an issue for this project with:
23 error     npm bugs @ls-age/args-parser
23 error Or if that isn't available, you can get their info via:
23 error     npm owner ls @ls-age/args-parser
23 error There is likely additional logging output above.
24 verbose exit [ 1, true ]
